{
  "RSpec": {
    "coverage": {
      "/Users/Hyper/GIT/RPS/app/controllers/app.rb": [
        1,
        1,
        1,
        1,
        1,
        null,
        1,
        1,
        null,
        1,
        1,
        1,
        null,
        1,
        7,
        null,
        null,
        1,
        7,
        7,
        null,
        null,
        1,
        7,
        7,
        null,
        null,
        1,
        0,
        null,
        null,
        1,
        6,
        6,
        6,
        null,
        null,
        null
      ],
      "/Users/Hyper/GIT/RPS/app/models/players.rb": [
        1,
        null,
        1,
        0,
        null,
        null,
        null
      ],
      "/Users/Hyper/GIT/RPS/app/models/game.rb": [
        1,
        null,
        1,
        null,
        1,
        null,
        null,
        1,
        16,
        16,
        16,
        null,
        null,
        1,
        15,
        9,
        null,
        null,
        null
      ],
      "/Users/Hyper/GIT/RPS/app/models/computer.rb": [
        1,
        null,
        1,
        9,
        null,
        null,
        1,
        8,
        null,
        null,
        null
      ],
      "/Users/Hyper/GIT/RPS/app/helpers/RPS-helpers.rb": [
        1,
        null,
        1,
        26,
        7,
        null,
        null,
        1,
        6,
        null,
        null,
        1,
        7,
        null,
        null,
        null
      ],
      "/Users/Hyper/GIT/RPS/spec/computer_spec.rb": [
        1,
        null,
        1,
        null,
        1,
        1,
        null,
        null,
        1,
        1,
        null,
        null,
        null
      ],
      "/Users/Hyper/GIT/RPS/spec/features/features_spec.rb": [
        1,
        1,
        null,
        1,
        null,
        1,
        1,
        1,
        null,
        null,
        1,
        1,
        1,
        1,
        1,
        null,
        null,
        1,
        1,
        1,
        1,
        1,
        null,
        null,
        1,
        1,
        1,
        1,
        1,
        null,
        null,
        null,
        null,
        1,
        null,
        1,
        1,
        1,
        1,
        null,
        null,
        1,
        1,
        1,
        1,
        null,
        null,
        1,
        1,
        1,
        1,
        null,
        null,
        1,
        null,
        1,
        0,
        0,
        0,
        null,
        null,
        null
      ],
      "/Users/Hyper/GIT/RPS/spec/features/test_helper_spec.rb": [
        1,
        7,
        7,
        7,
        null
      ],
      "/Users/Hyper/GIT/RPS/spec/game_spec.rb": [
        1,
        null,
        1,
        null,
        1,
        null,
        1,
        1,
        1,
        null,
        null,
        1,
        1,
        1,
        null,
        null,
        1,
        1,
        1,
        null,
        null,
        null,
        null,
        1,
        null,
        1,
        1,
        1,
        null,
        null,
        1,
        1,
        1,
        null,
        null,
        1,
        1,
        1,
        null,
        null,
        null,
        null,
        1,
        null,
        1,
        1,
        1,
        null,
        null,
        1,
        1,
        1,
        null,
        null,
        1,
        1,
        1,
        null,
        null,
        null,
        null,
        null,
        null,
        null
      ],
      "/Users/Hyper/GIT/RPS/spec/module_spec.rb": [
        1,
        4,
        null,
        1,
        2,
        1,
        null,
        null,
        1,
        1,
        null,
        null,
        1,
        1,
        null,
        null
      ]
    },
    "timestamp": 1496153037
  }
}
