{
  "RSpec": {
    "coverage": {
      "/Users/Hyper/GIT/RPS/app/controllers/app.rb": [
        1,
        1,
        1,
        1,
        1,
        null,
        1,
        1,
        null,
        1,
        1,
        null,
        1,
        4,
        null,
        null,
        1,
        4,
        4,
        null,
        null,
        1,
        4,
        4,
        null,
        null,
        1,
        3,
        3,
        3,
        null,
        null,
        null
      ],
      "/Users/Hyper/GIT/RPS/app/models/players.rb": [
        1,
        null,
        1,
        4,
        null,
        null,
        null
      ],
      "/Users/Hyper/GIT/RPS/app/models/game.rb": [
        1,
        null,
        1,
        null,
        1,
        null,
        null,
        1,
        12,
        12,
        12,
        null,
        null,
        1,
        12,
        8,
        null,
        null,
        null
      ],
      "/Users/Hyper/GIT/RPS/app/models/computer.rb": [
        1,
        null,
        1,
        3,
        null,
        null,
        null
      ],
      "/Users/Hyper/GIT/RPS/app/helpers/RPS-helpers.rb": [
        1,
        null,
        1,
        4,
        4,
        null,
        null,
        1,
        3,
        12,
        null,
        null,
        1,
        3,
        null,
        null,
        null
      ],
      "/Users/Hyper/GIT/RPS/spec/computer_spec.rb": [
        1,
        null,
        1,
        null,
        1,
        1,
        null,
        null,
        null
      ],
      "/Users/Hyper/GIT/RPS/spec/features/features_spec.rb": [
        1,
        1,
        null,
        1,
        null,
        1,
        1,
        1,
        null,
        null,
        null,
        null,
        1,
        null,
        1,
        null,
        1,
        1,
        1,
        1,
        1,
        null,
        null,
        1,
        1,
        1,
        1,
        1,
        null,
        null,
        1,
        1,
        1,
        1,
        1,
        null,
        null,
        null,
        null,
        null
      ],
      "/Users/Hyper/GIT/RPS/spec/features/test_helper_spec.rb": [
        1,
        4,
        4,
        4,
        null
      ],
      "/Users/Hyper/GIT/RPS/spec/game_spec.rb": [
        1,
        null,
        1,
        null,
        1,
        null,
        1,
        1,
        1,
        null,
        null,
        1,
        1,
        1,
        null,
        null,
        1,
        1,
        1,
        null,
        null,
        null,
        null,
        1,
        null,
        1,
        1,
        1,
        null,
        null,
        1,
        1,
        1,
        null,
        null,
        1,
        1,
        1,
        null,
        null,
        null,
        null,
        1,
        null,
        1,
        1,
        1,
        null,
        null,
        1,
        1,
        1,
        null,
        null,
        1,
        1,
        1,
        null,
        null,
        null,
        null,
        null,
        null,
        null
      ]
    },
    "timestamp": 1495137216
  }
}
